<?xml version="1.0" encoding="UTF-8"?>
<!-- Generated by org.testng.reporters.JUnitXMLReporter -->
<testsuite ignored="2" hostname="DESKTOP-9GRCDB6" failures="0" tests="1" name="Default test" time="0.043" errors="0" timestamp="2022-10-13T12:29:58 IST">
  <testcase classname="stepdefinition.tc1_steps" name="the_system_navigates_to_inbox_page" time="0.01"/>
  <testcase classname="stepdefinition.tc1_steps" name="the_user_enters_valid_username_and_password_and_click_on_submit" time="0.0">
    <ignored/>
  </testcase> <!-- the_user_enters_valid_username_and_password_and_click_on_submit -->
  <testcase classname="stepdefinition.tc1_steps" name="open_chrome_and_start_gmail" time="0.0">
    <ignored/>
  </testcase> <!-- open_chrome_and_start_gmail -->
</testsuite> <!-- Default test -->
